#
# There is insufficient memory for the Java Runtime Environment to continue.
# Native memory allocation (malloc) failed to allocate 32744 bytes for ChunkPool::allocate
# Possible reasons:
#   The system is out of physical RAM or swap space
#   In 32 bit mode, the process size limit was hit
# Possible solutions:
#   Reduce memory load on the system
#   Increase physical memory or swap space
#   Check if swap backing store is full
#   Use 64 bit Java on a 64 bit OS
#   Decrease Java heap size (-Xmx/-Xms)
#   Decrease number of Java threads
#   Decrease Java thread stack sizes (-Xss)
#   Set larger code cache with -XX:ReservedCodeCacheSize=
# This output file may be truncated or incomplete.
#
#  Out of Memory Error (allocation.cpp:273), pid=3396, tid=0x0000000000002e70
#
# JRE version: Java(TM) SE Runtime Environment (8.0_181-b13) (build 1.8.0_181-b13)
# Java VM: Java HotSpot(TM) 64-Bit Server VM (25.181-b13 mixed mode windows-amd64 compressed oops)
# Failed to write core dump. Minidumps are not enabled by default on client versions of Windows
#

---------------  T H R E A D  ---------------

Current thread (0x000000001637a800):  JavaThread "C1 CompilerThread2" daemon [_thread_in_native, id=11888, stack(0x0000000017c00000,0x0000000017d00000)]

Stack: [0x0000000017c00000,0x0000000017d00000]
[error occurred during error reporting (printing stack bounds), id 0xc0000005]

Native frames: (J=compiled Java code, j=interpreted, Vv=VM code, C=native code)


Current CompileTask:
C1:   3814 2728       3       org.springframework.core.annotation.AnnotatedElementUtils::getAnnotationAttributes (23 bytes)


---------------  P R O C E S S  ---------------

Java Threads: ( => current thread )
  0x00000000188e7000 JavaThread "RMI TCP Accept-0" daemon [_thread_in_native, id=4628, stack(0x0000000018f40000,0x0000000019040000)]
  0x00000000188e1000 JavaThread "RMI TCP Accept-54193" daemon [_thread_in_native, id=4180, stack(0x0000000018e40000,0x0000000018f40000)]
  0x00000000188d5800 JavaThread "RMI TCP Accept-0" daemon [_thread_in_native, id=9384, stack(0x0000000018d40000,0x0000000018e40000)]
  0x0000000017d42800 JavaThread "Service Thread" daemon [_thread_blocked, id=1688, stack(0x0000000018100000,0x0000000018200000)]
=>0x000000001637a800 JavaThread "C1 CompilerThread2" daemon [_thread_in_native, id=11888, stack(0x0000000017c00000,0x0000000017d00000)]
  0x000000001636b800 JavaThread "C2 CompilerThread1" daemon [_thread_in_native, id=3740, stack(0x0000000017b00000,0x0000000017c00000)]
  0x0000000016365000 JavaThread "C2 CompilerThread0" daemon [_thread_in_native, id=12776, stack(0x0000000017a00000,0x0000000017b00000)]
  0x0000000016363000 JavaThread "Attach Listener" daemon [_thread_blocked, id=10132, stack(0x0000000017900000,0x0000000017a00000)]
  0x0000000016360000 JavaThread "Signal Dispatcher" daemon [_thread_blocked, id=13240, stack(0x0000000017800000,0x0000000017900000)]
  0x000000001634f800 JavaThread "Finalizer" daemon [_thread_blocked, id=2528, stack(0x00000000175d0000,0x00000000176d0000)]
  0x0000000016328800 JavaThread "Reference Handler" daemon [_thread_blocked, id=9540, stack(0x00000000174d0000,0x00000000175d0000)]
  0x00000000029c5800 JavaThread "main" [_thread_in_vm, id=10308, stack(0x00000000027d0000,0x00000000028d0000)]

Other Threads:
  0x0000000016327000 VMThread [stack: 0x00000000173d0000,0x00000000174d0000] [id=12908]
  0x00000000188f5800 WatcherThread [stack: 0x0000000019040000,0x0000000019140000] [id=12388]

VM state:not at safepoint (normal execution)

VM Mutex/Monitor currently owned by a thread: None

Heap:
 PSYoungGen      total 81408K, used 40410K [0x00000000e0800000, 0x00000000e6280000, 0x0000000100000000)
  eden space 74240K, 46% used [0x00000000e0800000,0x00000000e2980140,0x00000000e5080000)
  from space 7168K, 85% used [0x00000000e5b80000,0x00000000e61767c0,0x00000000e6280000)
  to   space 9216K, 0% used [0x00000000e5080000,0x00000000e5080000,0x00000000e5980000)
 ParOldGen       total 47104K, used 6903K [0x00000000a1800000, 0x00000000a4600000, 0x00000000e0800000)
  object space 47104K, 14% used [0x00000000a1800000,0x00000000a1ebde70,0x00000000a4600000)
 Metaspace       used 27445K, capacity 28954K, committed 29056K, reserved 1075200K
  class space    used 3604K, capacity 3903K, committed 3968K, reserved 1048576K

Card table byte_map: [0x0000000011e80000,0x0000000012180000] byte_map_base: 0x0000000011974000

Marking Bits: (ParMarkBitMap*) 0x0000000063e42d00
 Begin Bits: [0x0000000012780000, 0x0000000013f20000)
 End Bits:   [0x0000000013f20000, 0x00000000156c0000)

Polling page: 0x00000000007f0000

CodeCache: size=245760Kb used=8840Kb max_used=8840Kb free=236919Kb
 bounds [0x0000000002ac0000, 0x0000000003370000, 0x0000000011ac0000]
 total_blobs=3121 nmethods=2723 adapters=310
 compilation: enabled

Compilation events (10 events):
Event: 3.808 Thread 0x000000001637a800 nmethod 2723 0x00000000033637d0 code [0x0000000003363960, 0x0000000003363ce8]
Event: 3.808 Thread 0x000000001637a800 2724   !   3       java.util.Collections$SynchronizedCollection::toArray (25 bytes)
Event: 3.809 Thread 0x000000001637a800 nmethod 2724 0x0000000003363e90 code [0x0000000003364000, 0x00000000033643a8]
Event: 3.809 Thread 0x000000001637a800 2725       3       org.springframework.boot.context.properties.source.SpringIterableConfigurationPropertySource::containsDescendantOf (102 bytes)
Event: 3.811 Thread 0x000000001637a800 nmethod 2725 0x0000000003364510 code [0x0000000003364760, 0x0000000003365468]
Event: 3.811 Thread 0x000000001637a800 2726       3       org.springframework.core.convert.support.GenericConversionService$Converters::getRegisteredConverter (93 bytes)
Event: 3.812 Thread 0x000000001637a800 nmethod 2726 0x0000000003365d90 code [0x0000000003365f80, 0x0000000003366998]
Event: 3.812 Thread 0x000000001637a800 2727       1       org.springframework.boot.context.properties.bind.Binder::access$700 (5 bytes)
Event: 3.812 Thread 0x000000001637a800 nmethod 2727 0x0000000003366cd0 code [0x0000000003366e20, 0x0000000003366f10]
Event: 3.812 Thread 0x000000001637a800 2728       3       org.springframework.core.annotation.AnnotatedElementUtils::getAnnotationAttributes (23 bytes)

GC Heap History (10 events):
Event: 1.909 GC heap before
{Heap before GC invocations=3 (full 0):
 PSYoungGen      total 28672K, used 28649K [0x00000000e0800000, 0x00000000e2800000, 0x0000000100000000)
  eden space 24576K, 100% used [0x00000000e0800000,0x00000000e2000000,0x00000000e2000000)
  from space 4096K, 99% used [0x00000000e2400000,0x00000000e27fa748,0x00000000e2800000)
  to   space 4096K, 0% used [0x00000000e2000000,0x00000000e2000000,0x00000000e2400000)
 ParOldGen       total 65536K, used 1357K [0x00000000a1800000, 0x00000000a5800000, 0x00000000e0800000)
  object space 65536K, 2% used [0x00000000a1800000,0x00000000a1953520,0x00000000a5800000)
 Metaspace       used 17832K, capacity 18620K, committed 18816K, reserved 1064960K
  class space    used 2246K, capacity 2406K, committed 2432K, reserved 1048576K
Event: 1.916 GC heap after
Heap after GC invocations=3 (full 0):
 PSYoungGen      total 28672K, used 4069K [0x00000000e0800000, 0x00000000e4000000, 0x0000000100000000)
  eden space 24576K, 0% used [0x00000000e0800000,0x00000000e0800000,0x00000000e2000000)
  from space 4096K, 99% used [0x00000000e2000000,0x00000000e23f96c8,0x00000000e2400000)
  to   space 4096K, 0% used [0x00000000e3c00000,0x00000000e3c00000,0x00000000e4000000)
 ParOldGen       total 65536K, used 4465K [0x00000000a1800000, 0x00000000a5800000, 0x00000000e0800000)
  object space 65536K, 6% used [0x00000000a1800000,0x00000000a1c5c618,0x00000000a5800000)
 Metaspace       used 17832K, capacity 18620K, committed 18816K, reserved 1064960K
  class space    used 2246K, capacity 2406K, committed 2432K, reserved 1048576K
}
Event: 2.116 GC heap before
{Heap before GC invocations=4 (full 0):
 PSYoungGen      total 28672K, used 26313K [0x00000000e0800000, 0x00000000e4000000, 0x0000000100000000)
  eden space 24576K, 90% used [0x00000000e0800000,0x00000000e1db8e90,0x00000000e2000000)
  from space 4096K, 99% used [0x00000000e2000000,0x00000000e23f96c8,0x00000000e2400000)
  to   space 4096K, 0% used [0x00000000e3c00000,0x00000000e3c00000,0x00000000e4000000)
 ParOldGen       total 65536K, used 4465K [0x00000000a1800000, 0x00000000a5800000, 0x00000000e0800000)
  object space 65536K, 6% used [0x00000000a1800000,0x00000000a1c5c618,0x00000000a5800000)
 Metaspace       used 20444K, capacity 21228K, committed 21248K, reserved 1067008K
  class space    used 2624K, capacity 2810K, committed 2816K, reserved 1048576K
Event: 2.125 GC heap after
Heap after GC invocations=4 (full 0):
 PSYoungGen      total 53248K, used 4085K [0x00000000e0800000, 0x00000000e4000000, 0x0000000100000000)
  eden space 49152K, 0% used [0x00000000e0800000,0x00000000e0800000,0x00000000e3800000)
  from space 4096K, 99% used [0x00000000e3c00000,0x00000000e3ffd6d8,0x00000000e4000000)
  to   space 4096K, 0% used [0x00000000e3800000,0x00000000e3800000,0x00000000e3c00000)
 ParOldGen       total 65536K, used 7343K [0x00000000a1800000, 0x00000000a5800000, 0x00000000e0800000)
  object space 65536K, 11% used [0x00000000a1800000,0x00000000a1f2bd28,0x00000000a5800000)
 Metaspace       used 20444K, capacity 21228K, committed 21248K, reserved 1067008K
  class space    used 2624K, capacity 2810K, committed 2816K, reserved 1048576K
}
Event: 2.125 GC heap before
{Heap before GC invocations=5 (full 1):
 PSYoungGen      total 53248K, used 4085K [0x00000000e0800000, 0x00000000e4000000, 0x0000000100000000)
  eden space 49152K, 0% used [0x00000000e0800000,0x00000000e0800000,0x00000000e3800000)
  from space 4096K, 99% used [0x00000000e3c00000,0x00000000e3ffd6d8,0x00000000e4000000)
  to   space 4096K, 0% used [0x00000000e3800000,0x00000000e3800000,0x00000000e3c00000)
 ParOldGen       total 65536K, used 7343K [0x00000000a1800000, 0x00000000a5800000, 0x00000000e0800000)
  object space 65536K, 11% used [0x00000000a1800000,0x00000000a1f2bd28,0x00000000a5800000)
 Metaspace       used 20444K, capacity 21228K, committed 21248K, reserved 1067008K
  class space    used 2624K, capacity 2810K, committed 2816K, reserved 1048576K
Event: 2.162 GC heap after
Heap after GC invocations=5 (full 1):
 PSYoungGen      total 53248K, used 0K [0x00000000e0800000, 0x00000000e4000000, 0x0000000100000000)
  eden space 49152K, 0% used [0x00000000e0800000,0x00000000e0800000,0x00000000e3800000)
  from space 4096K, 0% used [0x00000000e3c00000,0x00000000e3c00000,0x00000000e4000000)
  to   space 4096K, 0% used [0x00000000e3800000,0x00000000e3800000,0x00000000e3c00000)
 ParOldGen       total 47104K, used 6895K [0x00000000a1800000, 0x00000000a4600000, 0x00000000e0800000)
  object space 47104K, 14% used [0x00000000a1800000,0x00000000a1ebbe70,0x00000000a4600000)
 Metaspace       used 20444K, capacity 21228K, committed 21248K, reserved 1067008K
  class space    used 2624K, capacity 2810K, committed 2816K, reserved 1048576K
}
Event: 2.331 GC heap before
{Heap before GC invocations=6 (full 1):
 PSYoungGen      total 53248K, used 49152K [0x00000000e0800000, 0x00000000e4000000, 0x0000000100000000)
  eden space 49152K, 100% used [0x00000000e0800000,0x00000000e3800000,0x00000000e3800000)
  from space 4096K, 0% used [0x00000000e3c00000,0x00000000e3c00000,0x00000000e4000000)
  to   space 4096K, 0% used [0x00000000e3800000,0x00000000e3800000,0x00000000e3c00000)
 ParOldGen       total 47104K, used 6895K [0x00000000a1800000, 0x00000000a4600000, 0x00000000e0800000)
  object space 47104K, 14% used [0x00000000a1800000,0x00000000a1ebbe70,0x00000000a4600000)
 Metaspace       used 21438K, capacity 22272K, committed 22400K, reserved 1069056K
  class space    used 2755K, capacity 2932K, committed 2944K, reserved 1048576K
Event: 2.335 GC heap after
Heap after GC invocations=6 (full 1):
 PSYoungGen      total 53248K, used 2107K [0x00000000e0800000, 0x00000000e6480000, 0x0000000100000000)
  eden space 49152K, 0% used [0x00000000e0800000,0x00000000e0800000,0x00000000e3800000)
  from space 4096K, 51% used [0x00000000e3800000,0x00000000e3a0ee48,0x00000000e3c00000)
  to   space 9216K, 0% used [0x00000000e5b80000,0x00000000e5b80000,0x00000000e6480000)
 ParOldGen       total 47104K, used 6895K [0x00000000a1800000, 0x00000000a4600000, 0x00000000e0800000)
  object space 47104K, 14% used [0x00000000a1800000,0x00000000a1ebbe70,0x00000000a4600000)
 Metaspace       used 21438K, capacity 22272K, committed 22400K, reserved 1069056K
  class space    used 2755K, capacity 2932K, committed 2944K, reserved 1048576K
}
Event: 3.119 GC heap before
{Heap before GC invocations=7 (full 1):
 PSYoungGen      total 53248K, used 51259K [0x00000000e0800000, 0x00000000e6480000, 0x0000000100000000)
  eden space 49152K, 100% used [0x00000000e0800000,0x00000000e3800000,0x00000000e3800000)
  from space 4096K, 51% used [0x00000000e3800000,0x00000000e3a0ee48,0x00000000e3c00000)
  to   space 9216K, 0% used [0x00000000e5b80000,0x00000000e5b80000,0x00000000e6480000)
 ParOldGen       total 47104K, used 6895K [0x00000000a1800000, 0x00000000a4600000, 0x00000000e0800000)
  object space 47104K, 14% used [0x00000000a1800000,0x00000000a1ebbe70,0x00000000a4600000)
 Metaspace       used 24412K, capacity 25708K, committed 25984K, reserved 1071104K
  class space    used 3151K, capacity 3426K, committed 3456K, reserved 1048576K
Event: 3.128 GC heap after
Heap after GC invocations=7 (full 1):
 PSYoungGen      total 81408K, used 6105K [0x00000000e0800000, 0x00000000e6280000, 0x0000000100000000)
  eden space 74240K, 0% used [0x00000000e0800000,0x00000000e0800000,0x00000000e5080000)
  from space 7168K, 85% used [0x00000000e5b80000,0x00000000e61767c0,0x00000000e6280000)
  to   space 9216K, 0% used [0x00000000e5080000,0x00000000e5080000,0x00000000e5980000)
 ParOldGen       total 47104K, used 6903K [0x00000000a1800000, 0x00000000a4600000, 0x00000000e0800000)
  object space 47104K, 14% used [0x00000000a1800000,0x00000000a1ebde70,0x00000000a4600000)
 Metaspace       used 24412K, capacity 25708K, committed 25984K, reserved 1071104K
  class space    used 3151K, capacity 3426K, committed 3456K, reserved 1048576K
}

Deoptimization events (10 events):
Event: 3.455 Thread 0x00000000029c5800 Uncommon trap: reason=unstable_if action=reinterpret pc=0x0000000003254490 method=org.springframework.beans.factory.support.AbstractBeanFactory.hasInstantiationAwareBeanPostProcessors()Z @ 12
Event: 3.540 Thread 0x00000000029c5800 Uncommon trap: reason=unstable_if action=reinterpret pc=0x00000000031fe30c method=jdk.internal.org.objectweb.asm.Item.isEqualTo(Ljdk/internal/org/objectweb/asm/Item;)Z @ 331
Event: 3.613 Thread 0x00000000029c5800 Uncommon trap: reason=unstable_if action=reinterpret pc=0x00000000032f3dd4 method=java.lang.reflect.Method.equals(Ljava/lang/Object;)Z @ 1
Event: 3.629 Thread 0x00000000029c5800 Uncommon trap: reason=unstable_if action=reinterpret pc=0x0000000003114544 method=org.springframework.util.ConcurrentReferenceHashMap$Segment.findInChain(Lorg/springframework/util/ConcurrentReferenceHashMap$Reference;Ljava/lang/Object;I)Lorg/springframewo
Event: 3.630 Thread 0x00000000029c5800 Uncommon trap: reason=unstable_if action=reinterpret pc=0x00000000030ff7fc method=org.springframework.util.ConcurrentReferenceHashMap$Segment.findInChain(Lorg/springframework/util/ConcurrentReferenceHashMap$Reference;Ljava/lang/Object;I)Lorg/springframewo
Event: 3.630 Thread 0x00000000029c5800 Uncommon trap: reason=unstable_if action=reinterpret pc=0x000000000310e7dc method=org.springframework.util.ConcurrentReferenceHashMap$Segment.findInChain(Lorg/springframework/util/ConcurrentReferenceHashMap$Reference;Ljava/lang/Object;I)Lorg/springframewo
Event: 3.759 Thread 0x00000000029c5800 Uncommon trap: reason=unstable_if action=reinterpret pc=0x0000000002fe61c4 method=java.util.concurrent.ConcurrentHashMap.get(Ljava/lang/Object;)Ljava/lang/Object; @ 76
Event: 3.759 Thread 0x00000000029c5800 Uncommon trap: reason=class_check action=maybe_recompile pc=0x000000000326f538 method=java.util.concurrent.ConcurrentHashMap.putVal(Ljava/lang/Object;Ljava/lang/Object;Z)Ljava/lang/Object; @ 192
Event: 3.784 Thread 0x00000000029c5800 Uncommon trap: reason=class_check action=maybe_recompile pc=0x000000000326f538 method=java.util.concurrent.ConcurrentHashMap.putVal(Ljava/lang/Object;Ljava/lang/Object;Z)Ljava/lang/Object; @ 192
Event: 3.791 Thread 0x00000000029c5800 Uncommon trap: reason=null_check action=make_not_entrant pc=0x0000000003273a00 method=org.springframework.beans.factory.support.DefaultListableBeanFactory.getBeanDefinition(Ljava/lang/String;)Lorg/springframework/beans/factory/config/BeanDefinition; @ 10

Classes redefined (0 events):
No events

Internal exceptions (10 events):
Event: 3.529 Thread 0x00000000029c5800 Exception <a 'java/lang/NoSuchMethodError': java.lang.Object.lambda$and$0(Lorg/springframework/util/ReflectionUtils$MethodFilter;Ljava/lang/reflect/Method;)Z> (0x00000000e1cd5638) thrown at [C:\re\workspace\8-2-build-windows-amd64-cygwin\jdk8u181\11358\ho
Event: 3.532 Thread 0x00000000029c5800 Exception <a 'java/lang/NoSuchMethodError': java.lang.Object.lambda$thenComparing$36697e65$1(Ljava/util/Comparator;Ljava/lang/Object;Ljava/lang/Object;)I> (0x00000000e1d0b008) thrown at [C:\re\workspace\8-2-build-windows-amd64-cygwin\jdk8u181\11358\hotspo
Event: 3.610 Thread 0x00000000029c5800 Exception <a 'java/lang/ClassNotFoundException': java/lang/ObjectCustomizer> (0x00000000e2066c98) thrown at [C:\re\workspace\8-2-build-windows-amd64-cygwin\jdk8u181\11358\hotspot\src\share\vm\classfile\systemDictionary.cpp, line 210]
Event: 3.611 Thread 0x00000000029c5800 Exception <a 'java/lang/ClassNotFoundException': org/springframework/transaction/annotation/AbstractTransactionManagementConfigurationCustomizer> (0x00000000e20850d8) thrown at [C:\re\workspace\8-2-build-windows-amd64-cygwin\jdk8u181\11358\hotspot\src\sha
Event: 3.612 Thread 0x00000000029c5800 Exception <a 'java/lang/ClassNotFoundException': org/springframework/transaction/annotation/ProxyTransactionManagementConfigurationCustomizer> (0x00000000e20a1cc8) thrown at [C:\re\workspace\8-2-build-windows-amd64-cygwin\jdk8u181\11358\hotspot\src\share\
Event: 3.612 Thread 0x00000000029c5800 Exception <a 'java/lang/ClassNotFoundException': org/springframework/context/annotation/ImportAwareCustomizer> (0x00000000e20b9a58) thrown at [C:\re\workspace\8-2-build-windows-amd64-cygwin\jdk8u181\11358\hotspot\src\share\vm\classfile\systemDictionary.cp
Event: 3.613 Thread 0x00000000029c5800 Exception <a 'java/lang/ClassNotFoundException': org/springframework/beans/factory/AwareCustomizer> (0x00000000e20cb758) thrown at [C:\re\workspace\8-2-build-windows-amd64-cygwin\jdk8u181\11358\hotspot\src\share\vm\classfile\systemDictionary.cpp, line 210
Event: 3.613 Thread 0x00000000029c5800 Implicit null exception at 0x00000000032f3c4c to 0x00000000032f3dc1
Event: 3.678 Thread 0x00000000029c5800 Exception <a 'java/lang/NoSuchMethodError': java.lang.Object.lambda$map$1(Ljava/util/function/Function;)Ljava/util/stream/Stream;> (0x00000000e23ceee8) thrown at [C:\re\workspace\8-2-build-windows-amd64-cygwin\jdk8u181\11358\hotspot\src\share\vm\interpret
Event: 3.791 Thread 0x00000000029c5800 Implicit null exception at 0x000000000327387f to 0x00000000032739f5

Events (10 events):
Event: 3.793 loading class org/springframework/beans/factory/annotation/BeanFactoryAnnotationUtils
Event: 3.793 loading class org/springframework/beans/factory/annotation/BeanFactoryAnnotationUtils done
Event: 3.795 loading class org/springframework/beans/PropertyEditorRegistry
Event: 3.795 loading class org/springframework/beans/PropertyEditorRegistry done
Event: 3.796 loading class org/springframework/beans/PropertyEditorRegistry
Event: 3.796 loading class org/springframework/beans/PropertyEditorRegistry done
Event: 3.796 loading class org/springframework/beans/factory/config/ConfigurableListableBeanFactory
Event: 3.796 loading class org/springframework/beans/factory/config/ConfigurableListableBeanFactory done
Event: 3.804 loading class org/springframework/beans/propertyeditors/StringArrayPropertyEditor
Event: 3.804 loading class org/springframework/beans/propertyeditors/StringArrayPropertyEditor done


Dynamic libraries:
0x00007ff76b3a0000 - 0x00007ff76b3d7000 	C:\Program Files\Java\jre1.8.0_181\bin\javaw.exe
0x00007ffbe8960000 - 0x00007ffbe8b50000 	C:\WINDOWS\SYSTEM32\ntdll.dll
0x00007ffbe7fb0000 - 0x00007ffbe8062000 	C:\WINDOWS\System32\KERNEL32.DLL
0x00007ffbe64a0000 - 0x00007ffbe6745000 	C:\WINDOWS\System32\KERNELBASE.dll
0x00007ffbe86c0000 - 0x00007ffbe8763000 	C:\WINDOWS\System32\ADVAPI32.dll
0x00007ffbe8550000 - 0x00007ffbe85ee000 	C:\WINDOWS\System32\msvcrt.dll
0x00007ffbe7d20000 - 0x00007ffbe7db7000 	C:\WINDOWS\System32\sechost.dll
0x00007ffbe76e0000 - 0x00007ffbe77ff000 	C:\WINDOWS\System32\RPCRT4.dll
0x00007ffbe7840000 - 0x00007ffbe79d4000 	C:\WINDOWS\System32\USER32.dll
0x00007ffbe6470000 - 0x00007ffbe6491000 	C:\WINDOWS\System32\win32u.dll
0x00007ffbe7800000 - 0x00007ffbe7826000 	C:\WINDOWS\System32\GDI32.dll
0x00007ffbe6160000 - 0x00007ffbe62f8000 	C:\WINDOWS\System32\gdi32full.dll
0x00007ffbe58e0000 - 0x00007ffbe597e000 	C:\WINDOWS\System32\msvcp_win.dll
0x00007ffbe6910000 - 0x00007ffbe6a0a000 	C:\WINDOWS\System32\ucrtbase.dll
0x00007ffbd2e10000 - 0x00007ffbd3094000 	C:\WINDOWS\WinSxS\amd64_microsoft.windows.common-controls_6595b64144ccf1df_6.0.18362.1379_none_9e7ff3b3e45cc0c4\COMCTL32.dll
0x00007ffbe8210000 - 0x00007ffbe8547000 	C:\WINDOWS\System32\combase.dll
0x00007ffbe63e0000 - 0x00007ffbe6461000 	C:\WINDOWS\System32\bcryptPrimitives.dll
0x00007ffbe7b20000 - 0x00007ffbe7b4e000 	C:\WINDOWS\System32\IMM32.DLL
0x00000000601a0000 - 0x0000000060272000 	C:\Program Files\Java\jre1.8.0_181\bin\msvcr100.dll
0x0000000063620000 - 0x0000000063ec2000 	C:\Program Files\Java\jre1.8.0_181\bin\server\jvm.dll
0x00007ffbe7dc0000 - 0x00007ffbe7dc8000 	C:\WINDOWS\System32\PSAPI.DLL
0x00007ffbe2790000 - 0x00007ffbe27b4000 	C:\WINDOWS\SYSTEM32\WINMM.dll
0x00007ffbe2ea0000 - 0x00007ffbe2ea9000 	C:\WINDOWS\SYSTEM32\WSOCK32.dll
0x00007ffbd9d90000 - 0x00007ffbd9d9a000 	C:\WINDOWS\SYSTEM32\VERSION.dll
0x00007ffbe8140000 - 0x00007ffbe81af000 	C:\WINDOWS\System32\WS2_32.dll
0x00007ffbe2760000 - 0x00007ffbe278d000 	C:\WINDOWS\SYSTEM32\WINMMBASE.dll
0x00007ffbe68a0000 - 0x00007ffbe68ea000 	C:\WINDOWS\System32\cfgmgr32.dll
0x0000000063530000 - 0x000000006353f000 	C:\Program Files\Java\jre1.8.0_181\bin\verify.dll
0x0000000063500000 - 0x0000000063529000 	C:\Program Files\Java\jre1.8.0_181\bin\java.dll
0x00000000634e0000 - 0x00000000634f6000 	C:\Program Files\Java\jre1.8.0_181\bin\zip.dll
0x00007ffbe6a20000 - 0x00007ffbe7108000 	C:\WINDOWS\System32\SHELL32.dll
0x00007ffbe7b50000 - 0x00007ffbe7bf7000 	C:\WINDOWS\System32\shcore.dll
0x00007ffbe59e0000 - 0x00007ffbe615b000 	C:\WINDOWS\System32\windows.storage.dll
0x00007ffbe5890000 - 0x00007ffbe58b3000 	C:\WINDOWS\System32\profapi.dll
0x00007ffbe5820000 - 0x00007ffbe586a000 	C:\WINDOWS\System32\powrprof.dll
0x00007ffbe5810000 - 0x00007ffbe5820000 	C:\WINDOWS\System32\UMPDC.dll
0x00007ffbe85f0000 - 0x00007ffbe8642000 	C:\WINDOWS\System32\shlwapi.dll
0x00007ffbe5870000 - 0x00007ffbe5881000 	C:\WINDOWS\System32\kernel.appcore.dll
0x00007ffbe68f0000 - 0x00007ffbe6907000 	C:\WINDOWS\System32\cryptsp.dll
0x0000000060190000 - 0x000000006019d000 	C:\Program Files\Java\jre1.8.0_181\bin\management.dll
0x00000000634c0000 - 0x00000000634da000 	C:\Program Files\Java\jre1.8.0_181\bin\net.dll
0x00007ffbe5050000 - 0x00007ffbe50b7000 	C:\WINDOWS\system32\mswsock.dll
0x00000000634a0000 - 0x00000000634b1000 	C:\Program Files\Java\jre1.8.0_181\bin\nio.dll
0x00007ffbd9e00000 - 0x00007ffbd9e16000 	C:\WINDOWS\system32\napinsp.dll
0x00007ffbd9de0000 - 0x00007ffbd9dfa000 	C:\WINDOWS\system32\pnrpnsp.dll
0x00007ffbd9050000 - 0x00007ffbd9065000 	C:\WINDOWS\system32\wshbth.dll
0x00007ffbe1d40000 - 0x00007ffbe1d5c000 	C:\WINDOWS\system32\NLAapi.dll
0x00007ffbe4d60000 - 0x00007ffbe4d9a000 	C:\WINDOWS\SYSTEM32\IPHLPAPI.DLL
0x00007ffbe4da0000 - 0x00007ffbe4e6b000 	C:\WINDOWS\SYSTEM32\DNSAPI.dll
0x00007ffbe7830000 - 0x00007ffbe7838000 	C:\WINDOWS\System32\NSI.dll
0x00007ffbd9040000 - 0x00007ffbd904e000 	C:\WINDOWS\System32\winrnr.dll
0x00007ffbdaa30000 - 0x00007ffbdaa3a000 	C:\Windows\System32\rasadhlp.dll
0x00007ffbdbea0000 - 0x00007ffbdbf17000 	C:\WINDOWS\System32\fwpuclnt.dll
0x00007ffbe63b0000 - 0x00007ffbe63d6000 	C:\WINDOWS\System32\bcrypt.dll
0x00007ffbe4b70000 - 0x00007ffbe4ba3000 	C:\WINDOWS\system32\rsaenh.dll
0x00007ffbe5730000 - 0x00007ffbe5755000 	C:\WINDOWS\SYSTEM32\USERENV.dll
0x00007ffbe5220000 - 0x00007ffbe522c000 	C:\WINDOWS\SYSTEM32\CRYPTBASE.dll
0x00007ffbdc0a0000 - 0x00007ffbdc0b6000 	C:\WINDOWS\SYSTEM32\dhcpcsvc6.DLL
0x00007ffbdc080000 - 0x00007ffbdc09c000 	C:\WINDOWS\SYSTEM32\dhcpcsvc.DLL

VM Arguments:
jvm_args: -Dcom.sun.management.jmxremote -Dcom.sun.management.jmxremote.port=54193 -Dcom.sun.management.jmxremote.authenticate=false -Dcom.sun.management.jmxremote.ssl=false -Djava.rmi.server.hostname=localhost -Dspring.liveBeansView.mbeanDomain -Dspring.application.admin.enabled=true -Dfile.encoding=UTF-8 
java_command: com.pi.demo.Pi2021Application --spring.output.ansi.enabled=always
java_class_path (initial): C:\Users\mouta\Documents\workspace-sts-3.8.4.RELEASE\pidev\target\classes;C:\Users\mouta\.m2\repository\org\springframework\boot\spring-boot-starter-data-jdbc\2.4.3\spring-boot-starter-data-jdbc-2.4.3.jar;C:\Users\mouta\.m2\repository\org\springframework\boot\spring-boot-starter-jdbc\2.4.3\spring-boot-starter-jdbc-2.4.3.jar;C:\Users\mouta\.m2\repository\com\zaxxer\HikariCP\3.4.5\HikariCP-3.4.5.jar;C:\Users\mouta\.m2\repository\org\springframework\spring-jdbc\5.3.4\spring-jdbc-5.3.4.jar;C:\Users\mouta\.m2\repository\org\springframework\data\spring-data-jdbc\2.1.5\spring-data-jdbc-2.1.5.jar;C:\Users\mouta\.m2\repository\org\springframework\data\spring-data-relational\2.1.5\spring-data-relational-2.1.5.jar;C:\Users\mouta\.m2\repository\org\springframework\data\spring-data-commons\2.4.5\spring-data-commons-2.4.5.jar;C:\Users\mouta\.m2\repository\org\springframework\spring-tx\5.3.4\spring-tx-5.3.4.jar;C:\Users\mouta\.m2\repository\org\springframework\spring-context\5.3.4\spring-context-5.3.4.jar;C:\Users\mouta\.m2\repository\org\springframework\spring-beans\5.3.4\spring-beans-5.3.4.jar;C:\Users\mouta\.m2\repository\org\slf4j\slf4j-api\1.7.30\slf4j-api-1.7.30.jar;C:\Users\mouta\.m2\repository\org\springframework\boot\spring-boot-starter-data-jpa\2.4.3\spring-boot-starter-data-jpa-2.4.3.jar;C:\Users\mouta\.m2\repository\org\springframework\boot\spring-boot-starter-aop\2.4.3\spring-boot-starter-aop-2.4.3.jar;C:\Users\mouta\.m2\repository\org\aspectj\aspectjweaver\1.9.6\aspectjweaver-1.9.6.jar;C:\Users\mouta\.m2\repository\jakarta\transaction\jakarta.transaction-api\1.3.3\jakarta.transaction-api-1.3.3.jar;C:\Users\mouta\.m2\repository\jakarta\persistence\jakarta.persistence-api\2.2.3\jakarta.persistence-api-2.2.3.jar;C:\Users\mouta\.m2\repository\org\hibernate\hibernate-core\5.4.28.Final\hibernate-core-5.4.28.Final.jar;C:\Users\mouta\.m2\repository\org\jboss\logging\jboss-logging\3.4.1.Final\jboss-logging-3.4.1.Final.jar;C:\Users\mouta\.m2\reposi
Launcher Type: SUN_STANDARD

Environment Variables:
JAVA_HOME=C:\Program Files\Java\jdk1.8.0_60
PATH=C:/Program Files/Java/jre1.8.0_181/bin/server;C:/Program Files/Java/jre1.8.0_181/bin;C:/Program Files/Java/jre1.8.0_181/lib/amd64;D:\bin\;C:\Program Files (x86)\Common Files\Oracle\Java\javapath;C:\ProgramData\Oracle\Java\javapath;C:\WINDOWS\system32;C:\WINDOWS;C:\WINDOWS\System32\Wbem;C:\WINDOWS\System32\WindowsPowerShell\v1.0\;C:\WINDOWS\System32\OpenSSH\;C:\Program Files (x86)\ATI Technologies\ATI.ACE\Core-Static;C:\xampp\php;C:\Program Files\dotnet\;C:\Program Files\Microsoft SQL Server\130\Tools\Binn\;C:\Program Files\Microsoft SQL Server\Client SDK\ODBC\170\Tools\Binn\;C:\Program Files\Java\jdk1.8.0_60\bin;C:\Program Files (x86)\dotnet\;C:\Program Files\Git\cmd;C:\Users\mouta\AppData\Local\Microsoft\WindowsApps;C:\Program Files\JetBrains\PhpStorm 2019.2.3\bin;;C:\Users\mouta\.dotnet\tools;C:\Program Files\MongoDB\Server\4.0\bin;;C:\WINDOWS\system32;
USERNAME=mouta
OS=Windows_NT
PROCESSOR_IDENTIFIER=Intel64 Family 6 Model 58 Stepping 9, GenuineIntel



---------------  S Y S T E M  ---------------

OS: Windows 10.0 , 64 bit Build 18362 (10.0.18362.1350)

CPU:total 4 (initial active 4) (2 cores per cpu, 2 threads per core) family 6 model 58 stepping 9, cmov, cx8, fxsr, mmx, sse, sse2, sse3, ssse3, sse4.1, sse4.2, popcnt, avx, aes, clmul, erms, ht, tsc, tscinvbit, tscinv

Memory: 4k page, physical 6187368k(876624k free), swap 7900188k(5132k free)

vm_info: Java HotSpot(TM) 64-Bit Server VM (25.181-b13) for windows-amd64 JRE (1.8.0_181-b13), built on Jul  7 2018 04:01:33 by "java_re" with MS VC++ 10.0 (VS2010)

time: Sat Mar 06 15:46:21 2021
elapsed time: 3 seconds (0d 0h 0m 3s)

