#
# There is insufficient memory for the Java Runtime Environment to continue.
# Native memory allocation (malloc) failed to allocate 914896 bytes for Chunk::new
# Possible reasons:
#   The system is out of physical RAM or swap space
#   In 32 bit mode, the process size limit was hit
# Possible solutions:
#   Reduce memory load on the system
#   Increase physical memory or swap space
#   Check if swap backing store is full
#   Use 64 bit Java on a 64 bit OS
#   Decrease Java heap size (-Xmx/-Xms)
#   Decrease number of Java threads
#   Decrease Java thread stack sizes (-Xss)
#   Set larger code cache with -XX:ReservedCodeCacheSize=
# This output file may be truncated or incomplete.
#
#  Out of Memory Error (allocation.cpp:390), pid=1044, tid=0x0000000000002ccc
#
# JRE version: Java(TM) SE Runtime Environment (8.0_181-b13) (build 1.8.0_181-b13)
# Java VM: Java HotSpot(TM) 64-Bit Server VM (25.181-b13 mixed mode windows-amd64 compressed oops)
# Failed to write core dump. Minidumps are not enabled by default on client versions of Windows
#

---------------  T H R E A D  ---------------

Current thread (0x00000000168b5800):  JavaThread "C2 CompilerThread0" daemon [_thread_in_native, id=11468, stack(0x0000000017f30000,0x0000000018030000)]

Stack: [0x0000000017f30000,0x0000000018030000]
[error occurred during error reporting (printing stack bounds), id 0xc0000005]

Native frames: (J=compiled Java code, j=interpreted, Vv=VM code, C=native code)


Current CompileTask:
C2:   4526 2639       4       org.springframework.beans.factory.support.AbstractBeanFactory::isTypeMatch (607 bytes)


---------------  P R O C E S S  ---------------

Java Threads: ( => current thread )
  0x0000000018dba800 JavaThread "RMI TCP Accept-0" daemon [_thread_in_native, id=8864, stack(0x0000000019470000,0x0000000019570000)]
  0x0000000018d7e800 JavaThread "RMI TCP Accept-51817" daemon [_thread_in_native, id=5404, stack(0x0000000019370000,0x0000000019470000)]
  0x0000000018d8c800 JavaThread "RMI TCP Accept-0" daemon [_thread_in_native, id=7300, stack(0x0000000019270000,0x0000000019370000)]
  0x0000000018259000 JavaThread "Service Thread" daemon [_thread_blocked, id=1824, stack(0x0000000018630000,0x0000000018730000)]
  0x00000000168c4000 JavaThread "C1 CompilerThread2" daemon [_thread_in_native, id=11616, stack(0x0000000018130000,0x0000000018230000)]
  0x00000000168bf800 JavaThread "C2 CompilerThread1" daemon [_thread_in_native, id=1640, stack(0x0000000018030000,0x0000000018130000)]
=>0x00000000168b5800 JavaThread "C2 CompilerThread0" daemon [_thread_in_native, id=11468, stack(0x0000000017f30000,0x0000000018030000)]
  0x00000000168b4800 JavaThread "Attach Listener" daemon [_thread_blocked, id=9352, stack(0x0000000017e30000,0x0000000017f30000)]
  0x00000000168b2000 JavaThread "Signal Dispatcher" daemon [_thread_blocked, id=7192, stack(0x0000000017d30000,0x0000000017e30000)]
  0x00000000168a0000 JavaThread "Finalizer" daemon [_thread_blocked, id=9868, stack(0x0000000017b00000,0x0000000017c00000)]
  0x0000000003005800 JavaThread "Reference Handler" daemon [_thread_blocked, id=11552, stack(0x0000000017a00000,0x0000000017b00000)]
  0x0000000002f15000 JavaThread "main" [_thread_in_native, id=11460, stack(0x0000000002e10000,0x0000000002f10000)]

Other Threads:
  0x0000000016877800 VMThread [stack: 0x0000000017900000,0x0000000017a00000] [id=9080]
  0x0000000018da4000 WatcherThread [stack: 0x0000000019570000,0x0000000019670000] [id=12208]

VM state:not at safepoint (normal execution)

VM Mutex/Monitor currently owned by a thread: None

Heap:
 PSYoungGen      total 81920K, used 42569K [0x00000000e0800000, 0x00000000e6280000, 0x0000000100000000)
  eden space 74240K, 49% used [0x00000000e0800000,0x00000000e2ba37f0,0x00000000e5080000)
  from space 7680K, 79% used [0x00000000e5b00000,0x00000000e60eeda8,0x00000000e6280000)
  to   space 9216K, 0% used [0x00000000e5080000,0x00000000e5080000,0x00000000e5980000)
 ParOldGen       total 47104K, used 6967K [0x00000000a1800000, 0x00000000a4600000, 0x00000000e0800000)
  object space 47104K, 14% used [0x00000000a1800000,0x00000000a1ecdc00,0x00000000a4600000)
 Metaspace       used 27125K, capacity 28656K, committed 28800K, reserved 1075200K
  class space    used 3577K, capacity 3872K, committed 3968K, reserved 1048576K

Card table byte_map: [0x00000000123d0000,0x00000000126d0000] byte_map_base: 0x0000000011ec4000

Marking Bits: (ParMarkBitMap*) 0x0000000077e82d00
 Begin Bits: [0x0000000012cd0000, 0x0000000014470000)
 End Bits:   [0x0000000014470000, 0x0000000015c10000)

Polling page: 0x0000000001110000

CodeCache: size=245760Kb used=9008Kb max_used=9008Kb free=236751Kb
 bounds [0x0000000003010000, 0x00000000038f0000, 0x0000000012010000]
 total_blobs=3120 nmethods=2722 adapters=310
 compilation: enabled

Compilation events (10 events):
Event: 4.452 Thread 0x00000000168c4000 2712       3       org.springframework.boot.context.properties.source.SpringIterableConfigurationPropertySource$$Lambda$55/502800944::get (8 bytes)
Event: 4.452 Thread 0x00000000168c4000 nmethod 2712 0x00000000038db190 code [0x00000000038db300, 0x00000000038db528]
Event: 4.454 Thread 0x00000000168c4000 2719   !   3       org.springframework.core.annotation.AnnotationsScanner::processClassHierarchy (227 bytes)
Event: 4.456 Thread 0x00000000168c4000 nmethod 2719 0x00000000038db5d0 code [0x00000000038db840, 0x00000000038dc7c8]
Event: 4.456 Thread 0x00000000168c4000 2720       3       org.springframework.aop.framework.autoproxy.AbstractAutoProxyCreator::predictBeanType (35 bytes)
Event: 4.456 Thread 0x00000000168c4000 nmethod 2720 0x00000000038dd110 code [0x00000000038dd2a0, 0x00000000038dd788]
Event: 4.456 Thread 0x00000000168c4000 2721       1       org.springframework.boot.autoconfigure.SharedMetadataReaderFactoryContextInitializer$SharedMetadataReaderFactoryBean::getObjectType (3 bytes)
Event: 4.456 Thread 0x00000000168c4000 nmethod 2721 0x00000000038dd8d0 code [0x00000000038dda20, 0x00000000038ddb30]
Event: 4.457 Thread 0x00000000168c4000 2722       3       org.springframework.core.annotation.AnnotationsScanner::processClass (113 bytes)
Event: 4.458 Thread 0x00000000168c4000 nmethod 2722 0x00000000038ddf10 code [0x00000000038de180, 0x00000000038df0a8]

GC Heap History (10 events):
Event: 2.226 GC heap before
{Heap before GC invocations=3 (full 0):
 PSYoungGen      total 28672K, used 28645K [0x00000000e0800000, 0x00000000e2800000, 0x0000000100000000)
  eden space 24576K, 100% used [0x00000000e0800000,0x00000000e2000000,0x00000000e2000000)
  from space 4096K, 99% used [0x00000000e2400000,0x00000000e27f96c8,0x00000000e2800000)
  to   space 4096K, 0% used [0x00000000e2000000,0x00000000e2000000,0x00000000e2400000)
 ParOldGen       total 65536K, used 1302K [0x00000000a1800000, 0x00000000a5800000, 0x00000000e0800000)
  object space 65536K, 1% used [0x00000000a1800000,0x00000000a1945bf0,0x00000000a5800000)
 Metaspace       used 17797K, capacity 18556K, committed 18816K, reserved 1064960K
  class space    used 2247K, capacity 2406K, committed 2432K, reserved 1048576K
Event: 2.235 GC heap after
Heap after GC invocations=3 (full 0):
 PSYoungGen      total 28672K, used 4080K [0x00000000e0800000, 0x00000000e4000000, 0x0000000100000000)
  eden space 24576K, 0% used [0x00000000e0800000,0x00000000e0800000,0x00000000e2000000)
  from space 4096K, 99% used [0x00000000e2000000,0x00000000e23fc010,0x00000000e2400000)
  to   space 4096K, 0% used [0x00000000e3c00000,0x00000000e3c00000,0x00000000e4000000)
 ParOldGen       total 65536K, used 4349K [0x00000000a1800000, 0x00000000a5800000, 0x00000000e0800000)
  object space 65536K, 6% used [0x00000000a1800000,0x00000000a1c3f7d0,0x00000000a5800000)
 Metaspace       used 17797K, capacity 18556K, committed 18816K, reserved 1064960K
  class space    used 2247K, capacity 2406K, committed 2432K, reserved 1048576K
}
Event: 2.457 GC heap before
{Heap before GC invocations=4 (full 0):
 PSYoungGen      total 28672K, used 26151K [0x00000000e0800000, 0x00000000e4000000, 0x0000000100000000)
  eden space 24576K, 89% used [0x00000000e0800000,0x00000000e1d8ded8,0x00000000e2000000)
  from space 4096K, 99% used [0x00000000e2000000,0x00000000e23fc010,0x00000000e2400000)
  to   space 4096K, 0% used [0x00000000e3c00000,0x00000000e3c00000,0x00000000e4000000)
 ParOldGen       total 65536K, used 4349K [0x00000000a1800000, 0x00000000a5800000, 0x00000000e0800000)
  object space 65536K, 6% used [0x00000000a1800000,0x00000000a1c3f7d0,0x00000000a5800000)
 Metaspace       used 20444K, capacity 21220K, committed 21248K, reserved 1067008K
  class space    used 2618K, capacity 2798K, committed 2816K, reserved 1048576K
Event: 2.466 GC heap after
Heap after GC invocations=4 (full 0):
 PSYoungGen      total 53248K, used 4082K [0x00000000e0800000, 0x00000000e4000000, 0x0000000100000000)
  eden space 49152K, 0% used [0x00000000e0800000,0x00000000e0800000,0x00000000e3800000)
  from space 4096K, 99% used [0x00000000e3c00000,0x00000000e3ffc8b8,0x00000000e4000000)
  to   space 4096K, 0% used [0x00000000e3800000,0x00000000e3800000,0x00000000e3c00000)
 ParOldGen       total 65536K, used 7332K [0x00000000a1800000, 0x00000000a5800000, 0x00000000e0800000)
  object space 65536K, 11% used [0x00000000a1800000,0x00000000a1f290a8,0x00000000a5800000)
 Metaspace       used 20444K, capacity 21220K, committed 21248K, reserved 1067008K
  class space    used 2618K, capacity 2798K, committed 2816K, reserved 1048576K
}
Event: 2.466 GC heap before
{Heap before GC invocations=5 (full 1):
 PSYoungGen      total 53248K, used 4082K [0x00000000e0800000, 0x00000000e4000000, 0x0000000100000000)
  eden space 49152K, 0% used [0x00000000e0800000,0x00000000e0800000,0x00000000e3800000)
  from space 4096K, 99% used [0x00000000e3c00000,0x00000000e3ffc8b8,0x00000000e4000000)
  to   space 4096K, 0% used [0x00000000e3800000,0x00000000e3800000,0x00000000e3c00000)
 ParOldGen       total 65536K, used 7332K [0x00000000a1800000, 0x00000000a5800000, 0x00000000e0800000)
  object space 65536K, 11% used [0x00000000a1800000,0x00000000a1f290a8,0x00000000a5800000)
 Metaspace       used 20444K, capacity 21220K, committed 21248K, reserved 1067008K
  class space    used 2618K, capacity 2798K, committed 2816K, reserved 1048576K
Event: 2.505 GC heap after
Heap after GC invocations=5 (full 1):
 PSYoungGen      total 53248K, used 0K [0x00000000e0800000, 0x00000000e4000000, 0x0000000100000000)
  eden space 49152K, 0% used [0x00000000e0800000,0x00000000e0800000,0x00000000e3800000)
  from space 4096K, 0% used [0x00000000e3c00000,0x00000000e3c00000,0x00000000e4000000)
  to   space 4096K, 0% used [0x00000000e3800000,0x00000000e3800000,0x00000000e3c00000)
 ParOldGen       total 47104K, used 6959K [0x00000000a1800000, 0x00000000a4600000, 0x00000000e0800000)
  object space 47104K, 14% used [0x00000000a1800000,0x00000000a1ecbc00,0x00000000a4600000)
 Metaspace       used 20444K, capacity 21220K, committed 21248K, reserved 1067008K
  class space    used 2618K, capacity 2798K, committed 2816K, reserved 1048576K
}
Event: 2.729 GC heap before
{Heap before GC invocations=6 (full 1):
 PSYoungGen      total 53248K, used 49152K [0x00000000e0800000, 0x00000000e4000000, 0x0000000100000000)
  eden space 49152K, 100% used [0x00000000e0800000,0x00000000e3800000,0x00000000e3800000)
  from space 4096K, 0% used [0x00000000e3c00000,0x00000000e3c00000,0x00000000e4000000)
  to   space 4096K, 0% used [0x00000000e3800000,0x00000000e3800000,0x00000000e3c00000)
 ParOldGen       total 47104K, used 6959K [0x00000000a1800000, 0x00000000a4600000, 0x00000000e0800000)
  object space 47104K, 14% used [0x00000000a1800000,0x00000000a1ecbc00,0x00000000a4600000)
 Metaspace       used 21218K, capacity 22110K, committed 22144K, reserved 1069056K
  class space    used 2731K, capacity 2931K, committed 2944K, reserved 1048576K
Event: 2.733 GC heap after
Heap after GC invocations=6 (full 1):
 PSYoungGen      total 53248K, used 1966K [0x00000000e0800000, 0x00000000e6400000, 0x0000000100000000)
  eden space 49152K, 0% used [0x00000000e0800000,0x00000000e0800000,0x00000000e3800000)
  from space 4096K, 48% used [0x00000000e3800000,0x00000000e39ebba8,0x00000000e3c00000)
  to   space 9216K, 0% used [0x00000000e5b00000,0x00000000e5b00000,0x00000000e6400000)
 ParOldGen       total 47104K, used 6959K [0x00000000a1800000, 0x00000000a4600000, 0x00000000e0800000)
  object space 47104K, 14% used [0x00000000a1800000,0x00000000a1ecbc00,0x00000000a4600000)
 Metaspace       used 21218K, capacity 22110K, committed 22144K, reserved 1069056K
  class space    used 2731K, capacity 2931K, committed 2944K, reserved 1048576K
}
Event: 3.580 GC heap before
{Heap before GC invocations=7 (full 1):
 PSYoungGen      total 53248K, used 51118K [0x00000000e0800000, 0x00000000e6400000, 0x0000000100000000)
  eden space 49152K, 100% used [0x00000000e0800000,0x00000000e3800000,0x00000000e3800000)
  from space 4096K, 48% used [0x00000000e3800000,0x00000000e39ebba8,0x00000000e3c00000)
  to   space 9216K, 0% used [0x00000000e5b00000,0x00000000e5b00000,0x00000000e6400000)
 ParOldGen       total 47104K, used 6959K [0x00000000a1800000, 0x00000000a4600000, 0x00000000e0800000)
  object space 47104K, 14% used [0x00000000a1800000,0x00000000a1ecbc00,0x00000000a4600000)
 Metaspace       used 24144K, capacity 25332K, committed 25472K, reserved 1071104K
  class space    used 3119K, capacity 3374K, committed 3456K, reserved 1048576K
Event: 3.588 GC heap after
Heap after GC invocations=7 (full 1):
 PSYoungGen      total 81920K, used 6075K [0x00000000e0800000, 0x00000000e6280000, 0x0000000100000000)
  eden space 74240K, 0% used [0x00000000e0800000,0x00000000e0800000,0x00000000e5080000)
  from space 7680K, 79% used [0x00000000e5b00000,0x00000000e60eeda8,0x00000000e6280000)
  to   space 9216K, 0% used [0x00000000e5080000,0x00000000e5080000,0x00000000e5980000)
 ParOldGen       total 47104K, used 6967K [0x00000000a1800000, 0x00000000a4600000, 0x00000000e0800000)
  object space 47104K, 14% used [0x00000000a1800000,0x00000000a1ecdc00,0x00000000a4600000)
 Metaspace       used 24144K, capacity 25332K, committed 25472K, reserved 1071104K
  class space    used 3119K, capacity 3374K, committed 3456K, reserved 1048576K
}

Deoptimization events (10 events):
Event: 3.716 Thread 0x0000000002f15000 Uncommon trap: reason=class_check action=maybe_recompile pc=0x000000000376a780 method=org.springframework.core.ResolvableType.resolveType()Lorg/springframework/core/ResolvableType; @ 117
Event: 3.716 Thread 0x0000000002f15000 Uncommon trap: reason=class_check action=maybe_recompile pc=0x000000000376a780 method=org.springframework.core.ResolvableType.resolveType()Lorg/springframework/core/ResolvableType; @ 117
Event: 3.781 Thread 0x0000000002f15000 Uncommon trap: reason=class_check action=maybe_recompile pc=0x000000000366bf8c method=org.springframework.util.ConcurrentReferenceHashMap$Segment.findInChain(Lorg/springframework/util/ConcurrentReferenceHashMap$Reference;Ljava/lang/Object;I)Lorg/springfra
Event: 3.781 Thread 0x0000000002f15000 Uncommon trap: reason=class_check action=maybe_recompile pc=0x000000000366bf8c method=org.springframework.util.ConcurrentReferenceHashMap$Segment.findInChain(Lorg/springframework/util/ConcurrentReferenceHashMap$Reference;Ljava/lang/Object;I)Lorg/springfra
Event: 3.799 Thread 0x0000000002f15000 Uncommon trap: reason=class_check action=maybe_recompile pc=0x0000000003675718 method=org.springframework.util.ConcurrentReferenceHashMap$Segment.findInChain(Lorg/springframework/util/ConcurrentReferenceHashMap$Reference;Ljava/lang/Object;I)Lorg/springfra
Event: 3.901 Thread 0x0000000002f15000 Uncommon trap: reason=unstable_if action=reinterpret pc=0x00000000037aba00 method=org.springframework.core.ResolvableType$1.isAssignableFrom(Ljava/lang/Class;)Z @ 15
Event: 4.269 Thread 0x0000000002f15000 Uncommon trap: reason=unstable_if action=reinterpret pc=0x000000000375ca08 method=org.springframework.beans.factory.support.AbstractBeanFactory.getBeanPostProcessorCache()Lorg/springframework/beans/factory/support/AbstractBeanFactory$BeanPostProcessorCach
Event: 4.298 Thread 0x0000000002f15000 Uncommon trap: reason=unstable_if action=reinterpret pc=0x0000000003807b50 method=org.springframework.beans.factory.support.AbstractBeanFactory.hasInstantiationAwareBeanPostProcessors()Z @ 12
Event: 4.314 Thread 0x0000000002f15000 Uncommon trap: reason=unstable_if action=reinterpret pc=0x00000000035dcbd8 method=org.springframework.beans.factory.support.AbstractBeanFactory.getBeanPostProcessorCache()Lorg/springframework/beans/factory/support/AbstractBeanFactory$BeanPostProcessorCach
Event: 4.435 Thread 0x0000000002f15000 Uncommon trap: reason=unstable_if action=reinterpret pc=0x000000000376e14c method=jdk.internal.org.objectweb.asm.Item.isEqualTo(Ljdk/internal/org/objectweb/asm/Item;)Z @ 331

Classes redefined (0 events):
No events

Internal exceptions (10 events):
Event: 4.382 Thread 0x0000000002f15000 Exception <a 'java/lang/ClassNotFoundException': org/springframework/beans/factory/config/InstantiationAwareBeanPostProcessorCustomizer> (0x00000000e23b1b30) thrown at [C:\re\workspace\8-2-build-windows-amd64-cygwin\jdk8u181\11358\hotspot\src\share\vm\cla
Event: 4.383 Thread 0x0000000002f15000 Exception <a 'java/lang/ClassNotFoundException': org/springframework/beans/factory/config/BeanPostProcessorCustomizer> (0x00000000e23cb750) thrown at [C:\re\workspace\8-2-build-windows-amd64-cygwin\jdk8u181\11358\hotspot\src\share\vm\classfile\systemDicti
Event: 4.383 Thread 0x0000000002f15000 Exception <a 'java/lang/ClassNotFoundException': org/springframework/beans/factory/BeanFactoryAwareCustomizer> (0x00000000e23e07d8) thrown at [C:\re\workspace\8-2-build-windows-amd64-cygwin\jdk8u181\11358\hotspot\src\share\vm\classfile\systemDictionary.cp
Event: 4.384 Thread 0x0000000002f15000 Exception <a 'java/lang/ClassNotFoundException': org/springframework/beans/factory/AwareCustomizer> (0x00000000e23f2c90) thrown at [C:\re\workspace\8-2-build-windows-amd64-cygwin\jdk8u181\11358\hotspot\src\share\vm\classfile\systemDictionary.cpp, line 210
Event: 4.384 Thread 0x0000000002f15000 Exception <a 'java/lang/ClassNotFoundException': org/springframework/core/OrderedCustomizer> (0x00000000e2401e48) thrown at [C:\re\workspace\8-2-build-windows-amd64-cygwin\jdk8u181\11358\hotspot\src\share\vm\classfile\systemDictionary.cpp, line 210]
Event: 4.385 Thread 0x0000000002f15000 Exception <a 'java/lang/ClassNotFoundException': org/springframework/beans/factory/BeanClassLoaderAwareCustomizer> (0x00000000e2416fe8) thrown at [C:\re\workspace\8-2-build-windows-amd64-cygwin\jdk8u181\11358\hotspot\src\share\vm\classfile\systemDictionar
Event: 4.386 Thread 0x0000000002f15000 Exception <a 'java/lang/ClassNotFoundException': org/springframework/beans/factory/AwareCustomizer> (0x00000000e2428f30) thrown at [C:\re\workspace\8-2-build-windows-amd64-cygwin\jdk8u181\11358\hotspot\src\share\vm\classfile\systemDictionary.cpp, line 210
Event: 4.386 Thread 0x0000000002f15000 Exception <a 'java/lang/ClassNotFoundException': org/springframework/aop/framework/AopInfrastructureBeanCustomizer> (0x00000000e243d4a0) thrown at [C:\re\workspace\8-2-build-windows-amd64-cygwin\jdk8u181\11358\hotspot\src\share\vm\classfile\systemDictiona
Event: 4.401 Thread 0x0000000002f15000 Exception <a 'java/lang/NoSuchMethodError': java.lang.Object.lambda$and$0(Lorg/springframework/util/ReflectionUtils$MethodFilter;Ljava/lang/reflect/Method;)Z> (0x00000000e250cb78) thrown at [C:\re\workspace\8-2-build-windows-amd64-cygwin\jdk8u181\11358\ho
Event: 4.405 Thread 0x0000000002f15000 Exception <a 'java/lang/NoSuchMethodError': java.lang.Object.lambda$thenComparing$36697e65$1(Ljava/util/Comparator;Ljava/lang/Object;Ljava/lang/Object;)I> (0x00000000e2542368) thrown at [C:\re\workspace\8-2-build-windows-amd64-cygwin\jdk8u181\11358\hotspo

Events (10 events):
Event: 4.448 loading class org/springframework/beans/factory/annotation/AutowiredAnnotationBeanPostProcessor$AutowiredFieldElement
Event: 4.448 loading class org/springframework/beans/factory/annotation/AutowiredAnnotationBeanPostProcessor$AutowiredFieldElement done
Event: 4.449 loading class org/springframework/beans/factory/annotation/InjectionMetadata$InjectedElement
Event: 4.449 loading class org/springframework/beans/factory/annotation/InjectionMetadata$InjectedElement done
Event: 4.452 loading class org/springframework/core/annotation/MergedAnnotation
Event: 4.452 loading class org/springframework/core/annotation/MergedAnnotation done
Event: 4.453 loading class sun/reflect/UnsafeObjectFieldAccessorImpl
Event: 4.453 loading class sun/reflect/UnsafeObjectFieldAccessorImpl done
Event: 4.454 loading class org/aspectj/lang/annotation/Aspect
Event: 4.454 loading class org/aspectj/lang/annotation/Aspect done


Dynamic libraries:
0x00007ff66b550000 - 0x00007ff66b587000 	C:\Program Files\Java\jre1.8.0_181\bin\javaw.exe
0x00007fff63260000 - 0x00007fff63450000 	C:\WINDOWS\SYSTEM32\ntdll.dll
0x00007fff614e0000 - 0x00007fff61592000 	C:\WINDOWS\System32\KERNEL32.DLL
0x00007fff60f40000 - 0x00007fff611e5000 	C:\WINDOWS\System32\KERNELBASE.dll
0x00007fff62170000 - 0x00007fff62213000 	C:\WINDOWS\System32\ADVAPI32.dll
0x00007fff61e90000 - 0x00007fff61f2e000 	C:\WINDOWS\System32\msvcrt.dll
0x00007fff61fd0000 - 0x00007fff62067000 	C:\WINDOWS\System32\sechost.dll
0x00007fff61310000 - 0x00007fff6142f000 	C:\WINDOWS\System32\RPCRT4.dll
0x00007fff62870000 - 0x00007fff62a04000 	C:\WINDOWS\System32\USER32.dll
0x00007fff60e80000 - 0x00007fff60ea1000 	C:\WINDOWS\System32\win32u.dll
0x00007fff631f0000 - 0x00007fff63216000 	C:\WINDOWS\System32\GDI32.dll
0x00007fff601e0000 - 0x00007fff60378000 	C:\WINDOWS\System32\gdi32full.dll
0x00007fff60510000 - 0x00007fff605ae000 	C:\WINDOWS\System32\msvcp_win.dll
0x00007fff611f0000 - 0x00007fff612ea000 	C:\WINDOWS\System32\ucrtbase.dll
0x00007fff4c230000 - 0x00007fff4c4b4000 	C:\WINDOWS\WinSxS\amd64_microsoft.windows.common-controls_6595b64144ccf1df_6.0.18362.1379_none_9e7ff3b3e45cc0c4\COMCTL32.dll
0x00007fff62220000 - 0x00007fff62557000 	C:\WINDOWS\System32\combase.dll
0x00007fff60eb0000 - 0x00007fff60f31000 	C:\WINDOWS\System32\bcryptPrimitives.dll
0x00007fff61f30000 - 0x00007fff61f5e000 	C:\WINDOWS\System32\IMM32.DLL
0x0000000077490000 - 0x0000000077562000 	C:\Program Files\Java\jre1.8.0_181\bin\msvcr100.dll
0x0000000077660000 - 0x0000000077f02000 	C:\Program Files\Java\jre1.8.0_181\bin\server\jvm.dll
0x00007fff620e0000 - 0x00007fff620e8000 	C:\WINDOWS\System32\PSAPI.DLL
0x00007fff5c6f0000 - 0x00007fff5c6f9000 	C:\WINDOWS\SYSTEM32\WSOCK32.dll
0x00007fff62070000 - 0x00007fff620df000 	C:\WINDOWS\System32\WS2_32.dll
0x00007fff5df70000 - 0x00007fff5df94000 	C:\WINDOWS\SYSTEM32\WINMM.dll
0x00007fff4f410000 - 0x00007fff4f41a000 	C:\WINDOWS\SYSTEM32\VERSION.dll
0x00007fff5cb60000 - 0x00007fff5cb8d000 	C:\WINDOWS\SYSTEM32\WINMMBASE.dll
0x00007fff60380000 - 0x00007fff603ca000 	C:\WINDOWS\System32\cfgmgr32.dll
0x00000000500c0000 - 0x00000000500cf000 	C:\Program Files\Java\jre1.8.0_181\bin\verify.dll
0x0000000050090000 - 0x00000000500b9000 	C:\Program Files\Java\jre1.8.0_181\bin\java.dll
0x0000000050070000 - 0x0000000050086000 	C:\Program Files\Java\jre1.8.0_181\bin\zip.dll
0x00007fff617a0000 - 0x00007fff61e88000 	C:\WINDOWS\System32\SHELL32.dll
0x00007fff61610000 - 0x00007fff616b7000 	C:\WINDOWS\System32\shcore.dll
0x00007fff605b0000 - 0x00007fff60d2b000 	C:\WINDOWS\System32\windows.storage.dll
0x00007fff601b0000 - 0x00007fff601d3000 	C:\WINDOWS\System32\profapi.dll
0x00007fff60140000 - 0x00007fff6018a000 	C:\WINDOWS\System32\powrprof.dll
0x00007fff60110000 - 0x00007fff60120000 	C:\WINDOWS\System32\UMPDC.dll
0x00007fff61740000 - 0x00007fff61792000 	C:\WINDOWS\System32\shlwapi.dll
0x00007fff60120000 - 0x00007fff60131000 	C:\WINDOWS\System32\kernel.appcore.dll
0x00007fff612f0000 - 0x00007fff61307000 	C:\WINDOWS\System32\cryptsp.dll
0x0000000077420000 - 0x000000007742d000 	C:\Program Files\Java\jre1.8.0_181\bin\management.dll
0x0000000050050000 - 0x000000005006a000 	C:\Program Files\Java\jre1.8.0_181\bin\net.dll
0x00007fff5f8f0000 - 0x00007fff5f957000 	C:\WINDOWS\system32\mswsock.dll
0x0000000050030000 - 0x0000000050041000 	C:\Program Files\Java\jre1.8.0_181\bin\nio.dll
0x00007fff4d400000 - 0x00007fff4d416000 	C:\WINDOWS\system32\napinsp.dll
0x00007fff4d020000 - 0x00007fff4d03a000 	C:\WINDOWS\system32\pnrpnsp.dll
0x00007fff4d000000 - 0x00007fff4d015000 	C:\WINDOWS\system32\wshbth.dll
0x00007fff5bf20000 - 0x00007fff5bf3c000 	C:\WINDOWS\system32\NLAapi.dll
0x00007fff5f600000 - 0x00007fff5f63a000 	C:\WINDOWS\SYSTEM32\IPHLPAPI.DLL
0x00007fff5f650000 - 0x00007fff5f71b000 	C:\WINDOWS\SYSTEM32\DNSAPI.dll
0x00007fff615a0000 - 0x00007fff615a8000 	C:\WINDOWS\System32\NSI.dll
0x00007fff4cff0000 - 0x00007fff4cffe000 	C:\WINDOWS\System32\winrnr.dll
0x00007fff55170000 - 0x00007fff5517a000 	C:\Windows\System32\rasadhlp.dll
0x00007fff55850000 - 0x00007fff558c7000 	C:\WINDOWS\System32\fwpuclnt.dll
0x00007fff604e0000 - 0x00007fff60506000 	C:\WINDOWS\System32\bcrypt.dll
0x00007fff5f470000 - 0x00007fff5f4a3000 	C:\WINDOWS\system32\rsaenh.dll
0x00007fff60030000 - 0x00007fff60055000 	C:\WINDOWS\SYSTEM32\USERENV.dll
0x00007fff5fac0000 - 0x00007fff5facc000 	C:\WINDOWS\SYSTEM32\CRYPTBASE.dll
0x00007fff559c0000 - 0x00007fff559d6000 	C:\WINDOWS\SYSTEM32\dhcpcsvc6.DLL
0x00007fff55930000 - 0x00007fff5594c000 	C:\WINDOWS\SYSTEM32\dhcpcsvc.DLL

VM Arguments:
jvm_args: -Dcom.sun.management.jmxremote -Dcom.sun.management.jmxremote.port=51817 -Dcom.sun.management.jmxremote.authenticate=false -Dcom.sun.management.jmxremote.ssl=false -Djava.rmi.server.hostname=localhost -Dspring.liveBeansView.mbeanDomain -Dspring.application.admin.enabled=true -Dfile.encoding=UTF-8 
java_command: com.pi.demo.Pi2021Application --spring.output.ansi.enabled=always
java_class_path (initial): C:\Users\mouta\Documents\workspace-sts-3.8.4.RELEASE\pidev\target\classes;C:\Users\mouta\.m2\repository\org\springframework\boot\spring-boot-starter-data-jdbc\2.4.3\spring-boot-starter-data-jdbc-2.4.3.jar;C:\Users\mouta\.m2\repository\org\springframework\boot\spring-boot-starter-jdbc\2.4.3\spring-boot-starter-jdbc-2.4.3.jar;C:\Users\mouta\.m2\repository\com\zaxxer\HikariCP\3.4.5\HikariCP-3.4.5.jar;C:\Users\mouta\.m2\repository\org\springframework\spring-jdbc\5.3.4\spring-jdbc-5.3.4.jar;C:\Users\mouta\.m2\repository\org\springframework\data\spring-data-jdbc\2.1.5\spring-data-jdbc-2.1.5.jar;C:\Users\mouta\.m2\repository\org\springframework\data\spring-data-relational\2.1.5\spring-data-relational-2.1.5.jar;C:\Users\mouta\.m2\repository\org\springframework\data\spring-data-commons\2.4.5\spring-data-commons-2.4.5.jar;C:\Users\mouta\.m2\repository\org\springframework\spring-tx\5.3.4\spring-tx-5.3.4.jar;C:\Users\mouta\.m2\repository\org\springframework\spring-context\5.3.4\spring-context-5.3.4.jar;C:\Users\mouta\.m2\repository\org\springframework\spring-beans\5.3.4\spring-beans-5.3.4.jar;C:\Users\mouta\.m2\repository\org\slf4j\slf4j-api\1.7.30\slf4j-api-1.7.30.jar;C:\Users\mouta\.m2\repository\org\springframework\boot\spring-boot-starter-data-jpa\2.4.3\spring-boot-starter-data-jpa-2.4.3.jar;C:\Users\mouta\.m2\repository\org\springframework\boot\spring-boot-starter-aop\2.4.3\spring-boot-starter-aop-2.4.3.jar;C:\Users\mouta\.m2\repository\org\aspectj\aspectjweaver\1.9.6\aspectjweaver-1.9.6.jar;C:\Users\mouta\.m2\repository\jakarta\transaction\jakarta.transaction-api\1.3.3\jakarta.transaction-api-1.3.3.jar;C:\Users\mouta\.m2\repository\jakarta\persistence\jakarta.persistence-api\2.2.3\jakarta.persistence-api-2.2.3.jar;C:\Users\mouta\.m2\repository\org\hibernate\hibernate-core\5.4.28.Final\hibernate-core-5.4.28.Final.jar;C:\Users\mouta\.m2\repository\org\jboss\logging\jboss-logging\3.4.1.Final\jboss-logging-3.4.1.Final.jar;C:\Users\mouta\.m2\reposi
Launcher Type: SUN_STANDARD

Environment Variables:
JAVA_HOME=C:\Program Files\Java\jdk1.8.0_60
PATH=C:/Program Files/Java/jre1.8.0_181/bin/server;C:/Program Files/Java/jre1.8.0_181/bin;C:/Program Files/Java/jre1.8.0_181/lib/amd64;D:\bin\;C:\Program Files (x86)\Common Files\Oracle\Java\javapath;C:\ProgramData\Oracle\Java\javapath;C:\WINDOWS\system32;C:\WINDOWS;C:\WINDOWS\System32\Wbem;C:\WINDOWS\System32\WindowsPowerShell\v1.0\;C:\WINDOWS\System32\OpenSSH\;C:\Program Files (x86)\ATI Technologies\ATI.ACE\Core-Static;C:\xampp\php;C:\Program Files\dotnet\;C:\Program Files\Microsoft SQL Server\130\Tools\Binn\;C:\Program Files\Microsoft SQL Server\Client SDK\ODBC\170\Tools\Binn\;C:\Program Files\Java\jdk1.8.0_60\bin;C:\Program Files (x86)\dotnet\;C:\Program Files\Git\cmd;C:\Users\mouta\AppData\Local\Microsoft\WindowsApps;C:\Program Files\JetBrains\PhpStorm 2019.2.3\bin;;C:\Users\mouta\.dotnet\tools;C:\Program Files\MongoDB\Server\4.0\bin;;C:\WINDOWS\system32;
USERNAME=mouta
OS=Windows_NT
PROCESSOR_IDENTIFIER=Intel64 Family 6 Model 58 Stepping 9, GenuineIntel



---------------  S Y S T E M  ---------------

OS: Windows 10.0 , 64 bit Build 18362 (10.0.18362.1350)

CPU:total 4 (initial active 4) (2 cores per cpu, 2 threads per core) family 6 model 58 stepping 9, cmov, cx8, fxsr, mmx, sse, sse2, sse3, ssse3, sse4.1, sse4.2, popcnt, avx, aes, clmul, erms, ht, tsc, tscinvbit, tscinv

Memory: 4k page, physical 6187368k(867152k free), swap 8066236k(2176k free)

vm_info: Java HotSpot(TM) 64-Bit Server VM (25.181-b13) for windows-amd64 JRE (1.8.0_181-b13), built on Jul  7 2018 04:01:33 by "java_re" with MS VC++ 10.0 (VS2010)

time: Tue Mar 09 14:48:57 2021
elapsed time: 4 seconds (0d 0h 0m 4s)

